02-Mar-2016 09:49:01.858 INFO [main] org.apache.catalina.startup.VersionLoggerListener.log Server version:        Apache Tomcat/9.0.0.M1
02-Mar-2016 09:49:01.864 INFO [main] org.apache.catalina.startup.VersionLoggerListener.log Server built:          Nov 12 2015 22:05:52 UTC
02-Mar-2016 09:49:01.865 INFO [main] org.apache.catalina.startup.VersionLoggerListener.log Server number:         9.0.0.0
02-Mar-2016 09:49:01.865 INFO [main] org.apache.catalina.startup.VersionLoggerListener.log OS Name:               Windows 10
02-Mar-2016 09:49:01.866 INFO [main] org.apache.catalina.startup.VersionLoggerListener.log OS Version:            10.0
02-Mar-2016 09:49:01.866 INFO [main] org.apache.catalina.startup.VersionLoggerListener.log Architecture:          amd64
02-Mar-2016 09:49:01.867 INFO [main] org.apache.catalina.startup.VersionLoggerListener.log Java Home:             C:\Program Files\Java\jdk1.8.0_65\jre
02-Mar-2016 09:49:01.867 INFO [main] org.apache.catalina.startup.VersionLoggerListener.log JVM Version:           1.8.0_65-b17
02-Mar-2016 09:49:01.867 INFO [main] org.apache.catalina.startup.VersionLoggerListener.log JVM Vendor:            Oracle Corporation
02-Mar-2016 09:49:01.868 INFO [main] org.apache.catalina.startup.VersionLoggerListener.log CATALINA_BASE:         D:\Java прога\EMC\Webproject\apache-tomcat-9.0.0.M1-windows-x64\apache-tomcat-9.0.0.M1
02-Mar-2016 09:49:01.868 INFO [main] org.apache.catalina.startup.VersionLoggerListener.log CATALINA_HOME:         D:\Java прога\EMC\Webproject\apache-tomcat-9.0.0.M1-windows-x64\apache-tomcat-9.0.0.M1
02-Mar-2016 09:49:01.869 INFO [main] org.apache.catalina.startup.VersionLoggerListener.log Command line argument: -Djava.util.logging.config.file=D:\Java прога\EMC\Webproject\apache-tomcat-9.0.0.M1-windows-x64\apache-tomcat-9.0.0.M1\conf\logging.properties
02-Mar-2016 09:49:01.870 INFO [main] org.apache.catalina.startup.VersionLoggerListener.log Command line argument: -Djava.util.logging.manager=org.apache.juli.ClassLoaderLogManager
02-Mar-2016 09:49:01.870 INFO [main] org.apache.catalina.startup.VersionLoggerListener.log Command line argument: -Dcatalina.base=D:\Java прога\EMC\Webproject\apache-tomcat-9.0.0.M1-windows-x64\apache-tomcat-9.0.0.M1
02-Mar-2016 09:49:01.871 INFO [main] org.apache.catalina.startup.VersionLoggerListener.log Command line argument: -Dcatalina.home=D:\Java прога\EMC\Webproject\apache-tomcat-9.0.0.M1-windows-x64\apache-tomcat-9.0.0.M1
02-Mar-2016 09:49:01.871 INFO [main] org.apache.catalina.startup.VersionLoggerListener.log Command line argument: -Djava.io.tmpdir=D:\Java прога\EMC\Webproject\apache-tomcat-9.0.0.M1-windows-x64\apache-tomcat-9.0.0.M1\temp
02-Mar-2016 09:49:01.873 INFO [main] org.apache.catalina.core.AprLifecycleListener.lifecycleEvent Loaded APR based Apache Tomcat Native library 1.2.2 using APR version 1.5.1.
02-Mar-2016 09:49:01.874 INFO [main] org.apache.catalina.core.AprLifecycleListener.lifecycleEvent APR capabilities: IPv6 [true], sendfile [true], accept filters [false], random [true].
02-Mar-2016 09:49:02.715 INFO [main] org.apache.catalina.core.AprLifecycleListener.initializeSSL OpenSSL successfully initialized (OpenSSL 1.0.2d 9 Jul 2015)
02-Mar-2016 09:49:02.969 INFO [main] org.apache.coyote.AbstractProtocol.init Initializing ProtocolHandler ["http-apr-8080"]
02-Mar-2016 09:49:02.989 INFO [main] org.apache.coyote.AbstractProtocol.init Initializing ProtocolHandler ["ajp-apr-8009"]
02-Mar-2016 09:49:02.991 INFO [main] org.apache.catalina.startup.Catalina.load Initialization processed in 1652 ms
02-Mar-2016 09:49:03.027 INFO [main] org.apache.catalina.core.StandardService.startInternal Starting service Catalina
02-Mar-2016 09:49:03.029 INFO [main] org.apache.catalina.core.StandardEngine.startInternal Starting Servlet Engine: Apache Tomcat/9.0.0.M1
02-Mar-2016 09:49:03.045 INFO [localhost-startStop-1] org.apache.catalina.startup.HostConfig.deployDirectory Deploying web application directory D:\Java прога\EMC\Webproject\apache-tomcat-9.0.0.M1-windows-x64\apache-tomcat-9.0.0.M1\webapps\docs
02-Mar-2016 09:49:03.436 INFO [localhost-startStop-1] org.apache.catalina.startup.HostConfig.deployDirectory Deployment of web application directory D:\Java прога\EMC\Webproject\apache-tomcat-9.0.0.M1-windows-x64\apache-tomcat-9.0.0.M1\webapps\docs has finished in 391 ms
02-Mar-2016 09:49:03.438 INFO [localhost-startStop-1] org.apache.catalina.startup.HostConfig.deployDirectory Deploying web application directory D:\Java прога\EMC\Webproject\apache-tomcat-9.0.0.M1-windows-x64\apache-tomcat-9.0.0.M1\webapps\examples
02-Mar-2016 09:49:03.983 INFO [localhost-startStop-1] org.apache.catalina.startup.HostConfig.deployDirectory Deployment of web application directory D:\Java прога\EMC\Webproject\apache-tomcat-9.0.0.M1-windows-x64\apache-tomcat-9.0.0.M1\webapps\examples has finished in 545 ms
02-Mar-2016 09:49:03.985 INFO [localhost-startStop-1] org.apache.catalina.startup.HostConfig.deployDirectory Deploying web application directory D:\Java прога\EMC\Webproject\apache-tomcat-9.0.0.M1-windows-x64\apache-tomcat-9.0.0.M1\webapps\host-manager
02-Mar-2016 09:49:04.035 INFO [localhost-startStop-1] org.apache.catalina.startup.HostConfig.deployDirectory Deployment of web application directory D:\Java прога\EMC\Webproject\apache-tomcat-9.0.0.M1-windows-x64\apache-tomcat-9.0.0.M1\webapps\host-manager has finished in 50 ms
02-Mar-2016 09:49:04.040 INFO [localhost-startStop-1] org.apache.catalina.startup.HostConfig.deployDirectory Deploying web application directory D:\Java прога\EMC\Webproject\apache-tomcat-9.0.0.M1-windows-x64\apache-tomcat-9.0.0.M1\webapps\manager
02-Mar-2016 09:49:04.100 INFO [localhost-startStop-1] org.apache.catalina.startup.HostConfig.deployDirectory Deployment of web application directory D:\Java прога\EMC\Webproject\apache-tomcat-9.0.0.M1-windows-x64\apache-tomcat-9.0.0.M1\webapps\manager has finished in 60 ms
02-Mar-2016 09:49:04.102 INFO [localhost-startStop-1] org.apache.catalina.startup.HostConfig.deployDirectory Deploying web application directory D:\Java прога\EMC\Webproject\apache-tomcat-9.0.0.M1-windows-x64\apache-tomcat-9.0.0.M1\webapps\ROOT
02-Mar-2016 09:49:04.139 INFO [localhost-startStop-1] org.apache.catalina.startup.HostConfig.deployDirectory Deployment of web application directory D:\Java прога\EMC\Webproject\apache-tomcat-9.0.0.M1-windows-x64\apache-tomcat-9.0.0.M1\webapps\ROOT has finished in 37 ms
02-Mar-2016 09:49:04.142 INFO [main] org.apache.coyote.AbstractProtocol.start Starting ProtocolHandler [http-apr-8080]
02-Mar-2016 09:49:04.168 INFO [main] org.apache.coyote.AbstractProtocol.start Starting ProtocolHandler [ajp-apr-8009]
02-Mar-2016 09:49:04.188 INFO [main] org.apache.catalina.startup.Catalina.start Server startup in 1196 ms
02-Mar-2016 09:51:44.209 INFO [ContainerBackgroundProcessor[StandardEngine[Catalina]]] org.apache.catalina.startup.HostConfig.reload Reloading context []
02-Mar-2016 09:51:44.210 INFO [ContainerBackgroundProcessor[StandardEngine[Catalina]]] org.apache.catalina.core.StandardContext.reload Reloading Context with name [] has started
02-Mar-2016 09:51:44.293 INFO [ContainerBackgroundProcessor[StandardEngine[Catalina]]] org.apache.catalina.core.StandardContext.reload Reloading Context with name [] is completed
02-Mar-2016 10:03:54.885 INFO [main] org.apache.catalina.startup.VersionLoggerListener.log Server version:        Apache Tomcat/9.0.0.M1
02-Mar-2016 10:03:54.887 INFO [main] org.apache.catalina.startup.VersionLoggerListener.log Server built:          Nov 12 2015 22:05:52 UTC
02-Mar-2016 10:03:54.888 INFO [main] org.apache.catalina.startup.VersionLoggerListener.log Server number:         9.0.0.0
02-Mar-2016 10:03:54.888 INFO [main] org.apache.catalina.startup.VersionLoggerListener.log OS Name:               Windows 10
02-Mar-2016 10:03:54.889 INFO [main] org.apache.catalina.startup.VersionLoggerListener.log OS Version:            10.0
02-Mar-2016 10:03:54.889 INFO [main] org.apache.catalina.startup.VersionLoggerListener.log Architecture:          amd64
02-Mar-2016 10:03:54.890 INFO [main] org.apache.catalina.startup.VersionLoggerListener.log Java Home:             C:\Program Files\Java\jdk1.8.0_65\jre
02-Mar-2016 10:03:54.890 INFO [main] org.apache.catalina.startup.VersionLoggerListener.log JVM Version:           1.8.0_65-b17
02-Mar-2016 10:03:54.890 INFO [main] org.apache.catalina.startup.VersionLoggerListener.log JVM Vendor:            Oracle Corporation
02-Mar-2016 10:03:54.891 INFO [main] org.apache.catalina.startup.VersionLoggerListener.log CATALINA_BASE:         D:\JavaProj\EMC\Webproject\apache-tomcat-9.0.0.M1-windows-x64\apache-tomcat-9.0.0.M1
02-Mar-2016 10:03:54.891 INFO [main] org.apache.catalina.startup.VersionLoggerListener.log CATALINA_HOME:         D:\JavaProj\EMC\Webproject\apache-tomcat-9.0.0.M1-windows-x64\apache-tomcat-9.0.0.M1
02-Mar-2016 10:03:54.893 INFO [main] org.apache.catalina.startup.VersionLoggerListener.log Command line argument: -Djava.util.logging.config.file=D:\JavaProj\EMC\Webproject\apache-tomcat-9.0.0.M1-windows-x64\apache-tomcat-9.0.0.M1\conf\logging.properties
02-Mar-2016 10:03:54.893 INFO [main] org.apache.catalina.startup.VersionLoggerListener.log Command line argument: -Djava.util.logging.manager=org.apache.juli.ClassLoaderLogManager
02-Mar-2016 10:03:54.894 INFO [main] org.apache.catalina.startup.VersionLoggerListener.log Command line argument: -Dcatalina.base=D:\JavaProj\EMC\Webproject\apache-tomcat-9.0.0.M1-windows-x64\apache-tomcat-9.0.0.M1
02-Mar-2016 10:03:54.894 INFO [main] org.apache.catalina.startup.VersionLoggerListener.log Command line argument: -Dcatalina.home=D:\JavaProj\EMC\Webproject\apache-tomcat-9.0.0.M1-windows-x64\apache-tomcat-9.0.0.M1
02-Mar-2016 10:03:54.895 INFO [main] org.apache.catalina.startup.VersionLoggerListener.log Command line argument: -Djava.io.tmpdir=D:\JavaProj\EMC\Webproject\apache-tomcat-9.0.0.M1-windows-x64\apache-tomcat-9.0.0.M1\temp
02-Mar-2016 10:03:54.896 INFO [main] org.apache.catalina.core.AprLifecycleListener.lifecycleEvent Loaded APR based Apache Tomcat Native library 1.2.2 using APR version 1.5.1.
02-Mar-2016 10:03:54.897 INFO [main] org.apache.catalina.core.AprLifecycleListener.lifecycleEvent APR capabilities: IPv6 [true], sendfile [true], accept filters [false], random [true].
02-Mar-2016 10:03:55.852 INFO [main] org.apache.catalina.core.AprLifecycleListener.initializeSSL OpenSSL successfully initialized (OpenSSL 1.0.2d 9 Jul 2015)
02-Mar-2016 10:03:56.045 INFO [main] org.apache.coyote.AbstractProtocol.init Initializing ProtocolHandler ["http-apr-8080"]
02-Mar-2016 10:03:56.057 INFO [main] org.apache.coyote.AbstractProtocol.init Initializing ProtocolHandler ["ajp-apr-8009"]
02-Mar-2016 10:03:56.060 INFO [main] org.apache.catalina.startup.Catalina.load Initialization processed in 1688 ms
02-Mar-2016 10:03:56.084 INFO [main] org.apache.catalina.core.StandardService.startInternal Starting service Catalina
02-Mar-2016 10:03:56.085 INFO [main] org.apache.catalina.core.StandardEngine.startInternal Starting Servlet Engine: Apache Tomcat/9.0.0.M1
02-Mar-2016 10:03:56.471 INFO [localhost-startStop-1] org.apache.catalina.startup.HostConfig.deployDirectory Deploying web application directory D:\JavaProj\EMC\Webproject\apache-tomcat-9.0.0.M1-windows-x64\apache-tomcat-9.0.0.M1\webapps\docs
02-Mar-2016 10:03:56.510 INFO [localhost-startStop-1] org.apache.catalina.startup.HostConfig.deployDirectory Deployment of web application directory D:\JavaProj\EMC\Webproject\apache-tomcat-9.0.0.M1-windows-x64\apache-tomcat-9.0.0.M1\webapps\docs has finished in 38 ms
02-Mar-2016 10:03:56.512 INFO [localhost-startStop-1] org.apache.catalina.startup.HostConfig.deployDirectory Deploying web application directory D:\JavaProj\EMC\Webproject\apache-tomcat-9.0.0.M1-windows-x64\apache-tomcat-9.0.0.M1\webapps\examples
02-Mar-2016 10:03:56.943 INFO [localhost-startStop-1] org.apache.catalina.startup.HostConfig.deployDirectory Deployment of web application directory D:\JavaProj\EMC\Webproject\apache-tomcat-9.0.0.M1-windows-x64\apache-tomcat-9.0.0.M1\webapps\examples has finished in 431 ms
02-Mar-2016 10:03:56.945 INFO [localhost-startStop-1] org.apache.catalina.startup.HostConfig.deployDirectory Deploying web application directory D:\JavaProj\EMC\Webproject\apache-tomcat-9.0.0.M1-windows-x64\apache-tomcat-9.0.0.M1\webapps\host-manager
02-Mar-2016 10:03:56.975 INFO [localhost-startStop-1] org.apache.catalina.startup.HostConfig.deployDirectory Deployment of web application directory D:\JavaProj\EMC\Webproject\apache-tomcat-9.0.0.M1-windows-x64\apache-tomcat-9.0.0.M1\webapps\host-manager has finished in 28 ms
02-Mar-2016 10:03:56.977 INFO [localhost-startStop-1] org.apache.catalina.startup.HostConfig.deployDirectory Deploying web application directory D:\JavaProj\EMC\Webproject\apache-tomcat-9.0.0.M1-windows-x64\apache-tomcat-9.0.0.M1\webapps\manager
02-Mar-2016 10:03:57.023 INFO [localhost-startStop-1] org.apache.catalina.startup.HostConfig.deployDirectory Deployment of web application directory D:\JavaProj\EMC\Webproject\apache-tomcat-9.0.0.M1-windows-x64\apache-tomcat-9.0.0.M1\webapps\manager has finished in 45 ms
02-Mar-2016 10:03:57.028 INFO [main] org.apache.coyote.AbstractProtocol.start Starting ProtocolHandler [http-apr-8080]
02-Mar-2016 10:03:57.038 INFO [main] org.apache.coyote.AbstractProtocol.start Starting ProtocolHandler [ajp-apr-8009]
02-Mar-2016 10:03:57.045 INFO [main] org.apache.catalina.startup.Catalina.start Server startup in 983 ms
02-Mar-2016 10:07:51.834 INFO [main] org.apache.catalina.startup.VersionLoggerListener.log Server version:        Apache Tomcat/9.0.0.M1
02-Mar-2016 10:07:51.835 INFO [main] org.apache.catalina.startup.VersionLoggerListener.log Server built:          Nov 12 2015 22:05:52 UTC
02-Mar-2016 10:07:51.836 INFO [main] org.apache.catalina.startup.VersionLoggerListener.log Server number:         9.0.0.0
02-Mar-2016 10:07:51.836 INFO [main] org.apache.catalina.startup.VersionLoggerListener.log OS Name:               Windows 10
02-Mar-2016 10:07:51.836 INFO [main] org.apache.catalina.startup.VersionLoggerListener.log OS Version:            10.0
02-Mar-2016 10:07:51.837 INFO [main] org.apache.catalina.startup.VersionLoggerListener.log Architecture:          amd64
02-Mar-2016 10:07:51.837 INFO [main] org.apache.catalina.startup.VersionLoggerListener.log Java Home:             C:\Program Files\Java\jdk1.8.0_65\jre
02-Mar-2016 10:07:51.838 INFO [main] org.apache.catalina.startup.VersionLoggerListener.log JVM Version:           1.8.0_65-b17
02-Mar-2016 10:07:51.838 INFO [main] org.apache.catalina.startup.VersionLoggerListener.log JVM Vendor:            Oracle Corporation
02-Mar-2016 10:07:51.838 INFO [main] org.apache.catalina.startup.VersionLoggerListener.log CATALINA_BASE:         D:\JavaProj\EMC\Webproject\apache-tomcat-9.0.0.M1-windows-x64\apache-tomcat-9.0.0.M1
02-Mar-2016 10:07:51.839 INFO [main] org.apache.catalina.startup.VersionLoggerListener.log CATALINA_HOME:         D:\JavaProj\EMC\Webproject\apache-tomcat-9.0.0.M1-windows-x64\apache-tomcat-9.0.0.M1
02-Mar-2016 10:07:51.840 INFO [main] org.apache.catalina.startup.VersionLoggerListener.log Command line argument: -Djava.util.logging.config.file=D:\JavaProj\EMC\Webproject\apache-tomcat-9.0.0.M1-windows-x64\apache-tomcat-9.0.0.M1\conf\logging.properties
02-Mar-2016 10:07:51.841 INFO [main] org.apache.catalina.startup.VersionLoggerListener.log Command line argument: -Djava.util.logging.manager=org.apache.juli.ClassLoaderLogManager
02-Mar-2016 10:07:51.842 INFO [main] org.apache.catalina.startup.VersionLoggerListener.log Command line argument: -Dcatalina.base=D:\JavaProj\EMC\Webproject\apache-tomcat-9.0.0.M1-windows-x64\apache-tomcat-9.0.0.M1
02-Mar-2016 10:07:51.842 INFO [main] org.apache.catalina.startup.VersionLoggerListener.log Command line argument: -Dcatalina.home=D:\JavaProj\EMC\Webproject\apache-tomcat-9.0.0.M1-windows-x64\apache-tomcat-9.0.0.M1
02-Mar-2016 10:07:51.842 INFO [main] org.apache.catalina.startup.VersionLoggerListener.log Command line argument: -Djava.io.tmpdir=D:\JavaProj\EMC\Webproject\apache-tomcat-9.0.0.M1-windows-x64\apache-tomcat-9.0.0.M1\temp
02-Mar-2016 10:07:51.843 INFO [main] org.apache.catalina.core.AprLifecycleListener.lifecycleEvent Loaded APR based Apache Tomcat Native library 1.2.2 using APR version 1.5.1.
02-Mar-2016 10:07:51.845 INFO [main] org.apache.catalina.core.AprLifecycleListener.lifecycleEvent APR capabilities: IPv6 [true], sendfile [true], accept filters [false], random [true].
02-Mar-2016 10:07:52.757 INFO [main] org.apache.catalina.core.AprLifecycleListener.initializeSSL OpenSSL successfully initialized (OpenSSL 1.0.2d 9 Jul 2015)
02-Mar-2016 10:07:52.927 INFO [main] org.apache.coyote.AbstractProtocol.init Initializing ProtocolHandler ["http-apr-8080"]
02-Mar-2016 10:07:52.947 INFO [main] org.apache.coyote.AbstractProtocol.init Initializing ProtocolHandler ["ajp-apr-8009"]
02-Mar-2016 10:07:52.952 INFO [main] org.apache.catalina.startup.Catalina.load Initialization processed in 1621 ms
02-Mar-2016 10:07:52.983 INFO [main] org.apache.catalina.core.StandardService.startInternal Starting service Catalina
02-Mar-2016 10:07:52.986 INFO [main] org.apache.catalina.core.StandardEngine.startInternal Starting Servlet Engine: Apache Tomcat/9.0.0.M1
02-Mar-2016 10:07:53.352 INFO [localhost-startStop-1] org.apache.catalina.startup.HostConfig.deployDirectory Deploying web application directory D:\JavaProj\EMC\Webproject\apache-tomcat-9.0.0.M1-windows-x64\apache-tomcat-9.0.0.M1\webapps\docs
02-Mar-2016 10:07:53.395 INFO [localhost-startStop-1] org.apache.catalina.startup.HostConfig.deployDirectory Deployment of web application directory D:\JavaProj\EMC\Webproject\apache-tomcat-9.0.0.M1-windows-x64\apache-tomcat-9.0.0.M1\webapps\docs has finished in 42 ms
02-Mar-2016 10:07:53.398 INFO [localhost-startStop-1] org.apache.catalina.startup.HostConfig.deployDirectory Deploying web application directory D:\JavaProj\EMC\Webproject\apache-tomcat-9.0.0.M1-windows-x64\apache-tomcat-9.0.0.M1\webapps\examples
02-Mar-2016 10:07:53.853 INFO [localhost-startStop-1] org.apache.catalina.startup.HostConfig.deployDirectory Deployment of web application directory D:\JavaProj\EMC\Webproject\apache-tomcat-9.0.0.M1-windows-x64\apache-tomcat-9.0.0.M1\webapps\examples has finished in 454 ms
02-Mar-2016 10:07:53.854 INFO [localhost-startStop-1] org.apache.catalina.startup.HostConfig.deployDirectory Deploying web application directory D:\JavaProj\EMC\Webproject\apache-tomcat-9.0.0.M1-windows-x64\apache-tomcat-9.0.0.M1\webapps\host-manager
02-Mar-2016 10:07:53.902 INFO [localhost-startStop-1] org.apache.catalina.startup.HostConfig.deployDirectory Deployment of web application directory D:\JavaProj\EMC\Webproject\apache-tomcat-9.0.0.M1-windows-x64\apache-tomcat-9.0.0.M1\webapps\host-manager has finished in 48 ms
02-Mar-2016 10:07:53.904 INFO [localhost-startStop-1] org.apache.catalina.startup.HostConfig.deployDirectory Deploying web application directory D:\JavaProj\EMC\Webproject\apache-tomcat-9.0.0.M1-windows-x64\apache-tomcat-9.0.0.M1\webapps\manager
02-Mar-2016 10:07:53.944 INFO [localhost-startStop-1] org.apache.catalina.startup.HostConfig.deployDirectory Deployment of web application directory D:\JavaProj\EMC\Webproject\apache-tomcat-9.0.0.M1-windows-x64\apache-tomcat-9.0.0.M1\webapps\manager has finished in 40 ms
02-Mar-2016 10:07:53.949 INFO [main] org.apache.coyote.AbstractProtocol.start Starting ProtocolHandler [http-apr-8080]
02-Mar-2016 10:07:53.962 INFO [main] org.apache.coyote.AbstractProtocol.start Starting ProtocolHandler [ajp-apr-8009]
02-Mar-2016 10:07:53.968 INFO [main] org.apache.catalina.startup.Catalina.start Server startup in 1013 ms
02-Mar-2016 10:11:21.180 INFO [main] org.apache.catalina.startup.VersionLoggerListener.log Server version:        Apache Tomcat/9.0.0.M1
02-Mar-2016 10:11:21.183 INFO [main] org.apache.catalina.startup.VersionLoggerListener.log Server built:          Nov 12 2015 22:05:52 UTC
02-Mar-2016 10:11:21.183 INFO [main] org.apache.catalina.startup.VersionLoggerListener.log Server number:         9.0.0.0
02-Mar-2016 10:11:21.184 INFO [main] org.apache.catalina.startup.VersionLoggerListener.log OS Name:               Windows 10
02-Mar-2016 10:11:21.184 INFO [main] org.apache.catalina.startup.VersionLoggerListener.log OS Version:            10.0
02-Mar-2016 10:11:21.184 INFO [main] org.apache.catalina.startup.VersionLoggerListener.log Architecture:          amd64
02-Mar-2016 10:11:21.184 INFO [main] org.apache.catalina.startup.VersionLoggerListener.log Java Home:             C:\Program Files\Java\jdk1.8.0_65\jre
02-Mar-2016 10:11:21.185 INFO [main] org.apache.catalina.startup.VersionLoggerListener.log JVM Version:           1.8.0_65-b17
02-Mar-2016 10:11:21.185 INFO [main] org.apache.catalina.startup.VersionLoggerListener.log JVM Vendor:            Oracle Corporation
02-Mar-2016 10:11:21.186 INFO [main] org.apache.catalina.startup.VersionLoggerListener.log CATALINA_BASE:         D:\JavaProj\EMC\Webproject\apache-tomcat-9.0.0.M1-windows-x64\apache-tomcat-9.0.0.M1
02-Mar-2016 10:11:21.189 INFO [main] org.apache.catalina.startup.VersionLoggerListener.log CATALINA_HOME:         D:\JavaProj\EMC\Webproject\apache-tomcat-9.0.0.M1-windows-x64\apache-tomcat-9.0.0.M1
02-Mar-2016 10:11:21.195 INFO [main] org.apache.catalina.startup.VersionLoggerListener.log Command line argument: -Djava.util.logging.config.file=D:\JavaProj\EMC\Webproject\apache-tomcat-9.0.0.M1-windows-x64\apache-tomcat-9.0.0.M1\conf\logging.properties
02-Mar-2016 10:11:21.196 INFO [main] org.apache.catalina.startup.VersionLoggerListener.log Command line argument: -Djava.util.logging.manager=org.apache.juli.ClassLoaderLogManager
02-Mar-2016 10:11:21.196 INFO [main] org.apache.catalina.startup.VersionLoggerListener.log Command line argument: -Dcatalina.base=D:\JavaProj\EMC\Webproject\apache-tomcat-9.0.0.M1-windows-x64\apache-tomcat-9.0.0.M1
02-Mar-2016 10:11:21.197 INFO [main] org.apache.catalina.startup.VersionLoggerListener.log Command line argument: -Dcatalina.home=D:\JavaProj\EMC\Webproject\apache-tomcat-9.0.0.M1-windows-x64\apache-tomcat-9.0.0.M1
02-Mar-2016 10:11:21.197 INFO [main] org.apache.catalina.startup.VersionLoggerListener.log Command line argument: -Djava.io.tmpdir=D:\JavaProj\EMC\Webproject\apache-tomcat-9.0.0.M1-windows-x64\apache-tomcat-9.0.0.M1\temp
02-Mar-2016 10:11:21.199 INFO [main] org.apache.catalina.core.AprLifecycleListener.lifecycleEvent Loaded APR based Apache Tomcat Native library 1.2.2 using APR version 1.5.1.
02-Mar-2016 10:11:21.201 INFO [main] org.apache.catalina.core.AprLifecycleListener.lifecycleEvent APR capabilities: IPv6 [true], sendfile [true], accept filters [false], random [true].
02-Mar-2016 10:11:22.119 INFO [main] org.apache.catalina.core.AprLifecycleListener.initializeSSL OpenSSL successfully initialized (OpenSSL 1.0.2d 9 Jul 2015)
02-Mar-2016 10:11:22.294 INFO [main] org.apache.coyote.AbstractProtocol.init Initializing ProtocolHandler ["http-apr-8080"]
02-Mar-2016 10:11:22.309 INFO [main] org.apache.coyote.AbstractProtocol.init Initializing ProtocolHandler ["ajp-apr-8009"]
02-Mar-2016 10:11:22.316 INFO [main] org.apache.catalina.startup.Catalina.load Initialization processed in 1653 ms
02-Mar-2016 10:11:22.344 INFO [main] org.apache.catalina.core.StandardService.startInternal Starting service Catalina
02-Mar-2016 10:11:22.346 INFO [main] org.apache.catalina.core.StandardEngine.startInternal Starting Servlet Engine: Apache Tomcat/9.0.0.M1
02-Mar-2016 10:11:22.713 INFO [localhost-startStop-1] org.apache.catalina.startup.HostConfig.deployDirectory Deploying web application directory D:\JavaProj\EMC\Webproject\apache-tomcat-9.0.0.M1-windows-x64\apache-tomcat-9.0.0.M1\webapps\docs
02-Mar-2016 10:11:22.738 INFO [localhost-startStop-1] org.apache.catalina.startup.HostConfig.deployDirectory Deployment of web application directory D:\JavaProj\EMC\Webproject\apache-tomcat-9.0.0.M1-windows-x64\apache-tomcat-9.0.0.M1\webapps\docs has finished in 24 ms
02-Mar-2016 10:11:22.740 INFO [localhost-startStop-1] org.apache.catalina.startup.HostConfig.deployDirectory Deploying web application directory D:\JavaProj\EMC\Webproject\apache-tomcat-9.0.0.M1-windows-x64\apache-tomcat-9.0.0.M1\webapps\examples
02-Mar-2016 10:11:23.193 INFO [localhost-startStop-1] org.apache.catalina.startup.HostConfig.deployDirectory Deployment of web application directory D:\JavaProj\EMC\Webproject\apache-tomcat-9.0.0.M1-windows-x64\apache-tomcat-9.0.0.M1\webapps\examples has finished in 454 ms
02-Mar-2016 10:11:23.195 INFO [localhost-startStop-1] org.apache.catalina.startup.HostConfig.deployDirectory Deploying web application directory D:\JavaProj\EMC\Webproject\apache-tomcat-9.0.0.M1-windows-x64\apache-tomcat-9.0.0.M1\webapps\host-manager
02-Mar-2016 10:11:23.261 INFO [localhost-startStop-1] org.apache.catalina.startup.HostConfig.deployDirectory Deployment of web application directory D:\JavaProj\EMC\Webproject\apache-tomcat-9.0.0.M1-windows-x64\apache-tomcat-9.0.0.M1\webapps\host-manager has finished in 66 ms
02-Mar-2016 10:11:23.264 INFO [localhost-startStop-1] org.apache.catalina.startup.HostConfig.deployDirectory Deploying web application directory D:\JavaProj\EMC\Webproject\apache-tomcat-9.0.0.M1-windows-x64\apache-tomcat-9.0.0.M1\webapps\manager
02-Mar-2016 10:11:23.302 INFO [localhost-startStop-1] org.apache.catalina.startup.HostConfig.deployDirectory Deployment of web application directory D:\JavaProj\EMC\Webproject\apache-tomcat-9.0.0.M1-windows-x64\apache-tomcat-9.0.0.M1\webapps\manager has finished in 38 ms
02-Mar-2016 10:11:23.306 INFO [main] org.apache.coyote.AbstractProtocol.start Starting ProtocolHandler [http-apr-8080]
02-Mar-2016 10:11:23.317 INFO [main] org.apache.coyote.AbstractProtocol.start Starting ProtocolHandler [ajp-apr-8009]
02-Mar-2016 10:11:23.322 INFO [main] org.apache.catalina.startup.Catalina.start Server startup in 1004 ms
02-Mar-2016 10:21:40.629 INFO [main] org.apache.catalina.startup.VersionLoggerListener.log Server version:        Apache Tomcat/9.0.0.M1
02-Mar-2016 10:21:40.630 INFO [main] org.apache.catalina.startup.VersionLoggerListener.log Server built:          Nov 12 2015 22:05:52 UTC
02-Mar-2016 10:21:40.631 INFO [main] org.apache.catalina.startup.VersionLoggerListener.log Server number:         9.0.0.0
02-Mar-2016 10:21:40.631 INFO [main] org.apache.catalina.startup.VersionLoggerListener.log OS Name:               Windows 10
02-Mar-2016 10:21:40.631 INFO [main] org.apache.catalina.startup.VersionLoggerListener.log OS Version:            10.0
02-Mar-2016 10:21:40.632 INFO [main] org.apache.catalina.startup.VersionLoggerListener.log Architecture:          amd64
02-Mar-2016 10:21:40.632 INFO [main] org.apache.catalina.startup.VersionLoggerListener.log Java Home:             C:\Program Files\Java\jdk1.8.0_65\jre
02-Mar-2016 10:21:40.632 INFO [main] org.apache.catalina.startup.VersionLoggerListener.log JVM Version:           1.8.0_65-b17
02-Mar-2016 10:21:40.633 INFO [main] org.apache.catalina.startup.VersionLoggerListener.log JVM Vendor:            Oracle Corporation
02-Mar-2016 10:21:40.633 INFO [main] org.apache.catalina.startup.VersionLoggerListener.log CATALINA_BASE:         D:\JavaProj\EMC\Webproject\apache-tomcat-9.0.0.M1-windows-x64\apache-tomcat-9.0.0.M1
02-Mar-2016 10:21:40.633 INFO [main] org.apache.catalina.startup.VersionLoggerListener.log CATALINA_HOME:         D:\JavaProj\EMC\Webproject\apache-tomcat-9.0.0.M1-windows-x64\apache-tomcat-9.0.0.M1
02-Mar-2016 10:21:40.634 INFO [main] org.apache.catalina.startup.VersionLoggerListener.log Command line argument: -Djava.util.logging.config.file=D:\JavaProj\EMC\Webproject\apache-tomcat-9.0.0.M1-windows-x64\apache-tomcat-9.0.0.M1\conf\logging.properties
02-Mar-2016 10:21:40.634 INFO [main] org.apache.catalina.startup.VersionLoggerListener.log Command line argument: -Djava.util.logging.manager=org.apache.juli.ClassLoaderLogManager
02-Mar-2016 10:21:40.635 INFO [main] org.apache.catalina.startup.VersionLoggerListener.log Command line argument: -Dcatalina.base=D:\JavaProj\EMC\Webproject\apache-tomcat-9.0.0.M1-windows-x64\apache-tomcat-9.0.0.M1
02-Mar-2016 10:21:40.635 INFO [main] org.apache.catalina.startup.VersionLoggerListener.log Command line argument: -Dcatalina.home=D:\JavaProj\EMC\Webproject\apache-tomcat-9.0.0.M1-windows-x64\apache-tomcat-9.0.0.M1
02-Mar-2016 10:21:40.635 INFO [main] org.apache.catalina.startup.VersionLoggerListener.log Command line argument: -Djava.io.tmpdir=D:\JavaProj\EMC\Webproject\apache-tomcat-9.0.0.M1-windows-x64\apache-tomcat-9.0.0.M1\temp
02-Mar-2016 10:21:40.636 INFO [main] org.apache.catalina.core.AprLifecycleListener.lifecycleEvent Loaded APR based Apache Tomcat Native library 1.2.2 using APR version 1.5.1.
02-Mar-2016 10:21:40.638 INFO [main] org.apache.catalina.core.AprLifecycleListener.lifecycleEvent APR capabilities: IPv6 [true], sendfile [true], accept filters [false], random [true].
02-Mar-2016 10:21:41.574 INFO [main] org.apache.catalina.core.AprLifecycleListener.initializeSSL OpenSSL successfully initialized (OpenSSL 1.0.2d 9 Jul 2015)
02-Mar-2016 10:21:41.750 INFO [main] org.apache.coyote.AbstractProtocol.init Initializing ProtocolHandler ["http-apr-8080"]
02-Mar-2016 10:21:41.762 INFO [main] org.apache.coyote.AbstractProtocol.init Initializing ProtocolHandler ["ajp-apr-8009"]
02-Mar-2016 10:21:41.768 INFO [main] org.apache.catalina.startup.Catalina.load Initialization processed in 1667 ms
02-Mar-2016 10:21:41.798 INFO [main] org.apache.catalina.core.StandardService.startInternal Starting service Catalina
02-Mar-2016 10:21:41.801 INFO [main] org.apache.catalina.core.StandardEngine.startInternal Starting Servlet Engine: Apache Tomcat/9.0.0.M1
02-Mar-2016 10:21:42.163 INFO [localhost-startStop-1] org.apache.catalina.startup.HostConfig.deployDirectory Deploying web application directory D:\JavaProj\EMC\Webproject\apache-tomcat-9.0.0.M1-windows-x64\apache-tomcat-9.0.0.M1\webapps\docs
02-Mar-2016 10:21:42.200 INFO [localhost-startStop-1] org.apache.catalina.startup.HostConfig.deployDirectory Deployment of web application directory D:\JavaProj\EMC\Webproject\apache-tomcat-9.0.0.M1-windows-x64\apache-tomcat-9.0.0.M1\webapps\docs has finished in 36 ms
02-Mar-2016 10:21:42.202 INFO [localhost-startStop-1] org.apache.catalina.startup.HostConfig.deployDirectory Deploying web application directory D:\JavaProj\EMC\Webproject\apache-tomcat-9.0.0.M1-windows-x64\apache-tomcat-9.0.0.M1\webapps\examples
02-Mar-2016 10:21:42.628 INFO [localhost-startStop-1] org.apache.catalina.startup.HostConfig.deployDirectory Deployment of web application directory D:\JavaProj\EMC\Webproject\apache-tomcat-9.0.0.M1-windows-x64\apache-tomcat-9.0.0.M1\webapps\examples has finished in 426 ms
02-Mar-2016 10:21:42.631 INFO [localhost-startStop-1] org.apache.catalina.startup.HostConfig.deployDirectory Deploying web application directory D:\JavaProj\EMC\Webproject\apache-tomcat-9.0.0.M1-windows-x64\apache-tomcat-9.0.0.M1\webapps\host-manager
02-Mar-2016 10:21:42.683 INFO [localhost-startStop-1] org.apache.catalina.startup.HostConfig.deployDirectory Deployment of web application directory D:\JavaProj\EMC\Webproject\apache-tomcat-9.0.0.M1-windows-x64\apache-tomcat-9.0.0.M1\webapps\host-manager has finished in 52 ms
02-Mar-2016 10:21:42.686 INFO [localhost-startStop-1] org.apache.catalina.startup.HostConfig.deployDirectory Deploying web application directory D:\JavaProj\EMC\Webproject\apache-tomcat-9.0.0.M1-windows-x64\apache-tomcat-9.0.0.M1\webapps\manager
02-Mar-2016 10:21:42.725 INFO [localhost-startStop-1] org.apache.catalina.startup.HostConfig.deployDirectory Deployment of web application directory D:\JavaProj\EMC\Webproject\apache-tomcat-9.0.0.M1-windows-x64\apache-tomcat-9.0.0.M1\webapps\manager has finished in 39 ms
02-Mar-2016 10:21:42.729 INFO [main] org.apache.coyote.AbstractProtocol.start Starting ProtocolHandler [http-apr-8080]
02-Mar-2016 10:21:42.739 INFO [main] org.apache.coyote.AbstractProtocol.start Starting ProtocolHandler [ajp-apr-8009]
02-Mar-2016 10:21:42.744 INFO [main] org.apache.catalina.startup.Catalina.start Server startup in 974 ms
02-Mar-2016 10:31:24.437 INFO [main] org.apache.catalina.startup.VersionLoggerListener.log Server version:        Apache Tomcat/9.0.0.M1
02-Mar-2016 10:31:24.439 INFO [main] org.apache.catalina.startup.VersionLoggerListener.log Server built:          Nov 12 2015 22:05:52 UTC
02-Mar-2016 10:31:24.439 INFO [main] org.apache.catalina.startup.VersionLoggerListener.log Server number:         9.0.0.0
02-Mar-2016 10:31:24.439 INFO [main] org.apache.catalina.startup.VersionLoggerListener.log OS Name:               Windows 10
02-Mar-2016 10:31:24.440 INFO [main] org.apache.catalina.startup.VersionLoggerListener.log OS Version:            10.0
02-Mar-2016 10:31:24.440 INFO [main] org.apache.catalina.startup.VersionLoggerListener.log Architecture:          amd64
02-Mar-2016 10:31:24.440 INFO [main] org.apache.catalina.startup.VersionLoggerListener.log Java Home:             C:\Program Files\Java\jdk1.8.0_65\jre
02-Mar-2016 10:31:24.441 INFO [main] org.apache.catalina.startup.VersionLoggerListener.log JVM Version:           1.8.0_65-b17
02-Mar-2016 10:31:24.441 INFO [main] org.apache.catalina.startup.VersionLoggerListener.log JVM Vendor:            Oracle Corporation
02-Mar-2016 10:31:24.441 INFO [main] org.apache.catalina.startup.VersionLoggerListener.log CATALINA_BASE:         D:\JavaProj\EMC\Webproject\apache-tomcat-9.0.0.M1-windows-x64\apache-tomcat-9.0.0.M1
02-Mar-2016 10:31:24.442 INFO [main] org.apache.catalina.startup.VersionLoggerListener.log CATALINA_HOME:         D:\JavaProj\EMC\Webproject\apache-tomcat-9.0.0.M1-windows-x64\apache-tomcat-9.0.0.M1
02-Mar-2016 10:31:24.442 INFO [main] org.apache.catalina.startup.VersionLoggerListener.log Command line argument: -Djava.util.logging.config.file=D:\JavaProj\EMC\Webproject\apache-tomcat-9.0.0.M1-windows-x64\apache-tomcat-9.0.0.M1\conf\logging.properties
02-Mar-2016 10:31:24.443 INFO [main] org.apache.catalina.startup.VersionLoggerListener.log Command line argument: -Djava.util.logging.manager=org.apache.juli.ClassLoaderLogManager
02-Mar-2016 10:31:24.443 INFO [main] org.apache.catalina.startup.VersionLoggerListener.log Command line argument: -Dcatalina.base=D:\JavaProj\EMC\Webproject\apache-tomcat-9.0.0.M1-windows-x64\apache-tomcat-9.0.0.M1
02-Mar-2016 10:31:24.443 INFO [main] org.apache.catalina.startup.VersionLoggerListener.log Command line argument: -Dcatalina.home=D:\JavaProj\EMC\Webproject\apache-tomcat-9.0.0.M1-windows-x64\apache-tomcat-9.0.0.M1
02-Mar-2016 10:31:24.444 INFO [main] org.apache.catalina.startup.VersionLoggerListener.log Command line argument: -Djava.io.tmpdir=D:\JavaProj\EMC\Webproject\apache-tomcat-9.0.0.M1-windows-x64\apache-tomcat-9.0.0.M1\temp
02-Mar-2016 10:31:24.444 INFO [main] org.apache.catalina.core.AprLifecycleListener.lifecycleEvent Loaded APR based Apache Tomcat Native library 1.2.2 using APR version 1.5.1.
02-Mar-2016 10:31:24.446 INFO [main] org.apache.catalina.core.AprLifecycleListener.lifecycleEvent APR capabilities: IPv6 [true], sendfile [true], accept filters [false], random [true].
02-Mar-2016 10:31:25.333 INFO [main] org.apache.catalina.core.AprLifecycleListener.initializeSSL OpenSSL successfully initialized (OpenSSL 1.0.2d 9 Jul 2015)
02-Mar-2016 10:31:25.514 INFO [main] org.apache.coyote.AbstractProtocol.init Initializing ProtocolHandler ["http-apr-8080"]
02-Mar-2016 10:31:25.531 INFO [main] org.apache.coyote.AbstractProtocol.init Initializing ProtocolHandler ["ajp-apr-8009"]
02-Mar-2016 10:31:25.534 INFO [main] org.apache.catalina.startup.Catalina.load Initialization processed in 1596 ms
02-Mar-2016 10:31:25.582 INFO [main] org.apache.catalina.core.StandardService.startInternal Starting service Catalina
02-Mar-2016 10:31:25.585 INFO [main] org.apache.catalina.core.StandardEngine.startInternal Starting Servlet Engine: Apache Tomcat/9.0.0.M1
02-Mar-2016 10:31:25.961 INFO [localhost-startStop-1] org.apache.catalina.startup.HostConfig.deployDirectory Deploying web application directory D:\JavaProj\EMC\Webproject\apache-tomcat-9.0.0.M1-windows-x64\apache-tomcat-9.0.0.M1\webapps\docs
02-Mar-2016 10:31:26.002 INFO [localhost-startStop-1] org.apache.catalina.startup.HostConfig.deployDirectory Deployment of web application directory D:\JavaProj\EMC\Webproject\apache-tomcat-9.0.0.M1-windows-x64\apache-tomcat-9.0.0.M1\webapps\docs has finished in 40 ms
02-Mar-2016 10:31:26.004 INFO [localhost-startStop-1] org.apache.catalina.startup.HostConfig.deployDirectory Deploying web application directory D:\JavaProj\EMC\Webproject\apache-tomcat-9.0.0.M1-windows-x64\apache-tomcat-9.0.0.M1\webapps\examples
02-Mar-2016 10:31:26.892 INFO [localhost-startStop-1] org.apache.catalina.startup.HostConfig.deployDirectory Deployment of web application directory D:\JavaProj\EMC\Webproject\apache-tomcat-9.0.0.M1-windows-x64\apache-tomcat-9.0.0.M1\webapps\examples has finished in 888 ms
02-Mar-2016 10:31:26.894 INFO [localhost-startStop-1] org.apache.catalina.startup.HostConfig.deployDirectory Deploying web application directory D:\JavaProj\EMC\Webproject\apache-tomcat-9.0.0.M1-windows-x64\apache-tomcat-9.0.0.M1\webapps\host-manager
02-Mar-2016 10:31:26.941 INFO [localhost-startStop-1] org.apache.catalina.startup.HostConfig.deployDirectory Deployment of web application directory D:\JavaProj\EMC\Webproject\apache-tomcat-9.0.0.M1-windows-x64\apache-tomcat-9.0.0.M1\webapps\host-manager has finished in 47 ms
02-Mar-2016 10:31:26.943 INFO [localhost-startStop-1] org.apache.catalina.startup.HostConfig.deployDirectory Deploying web application directory D:\JavaProj\EMC\Webproject\apache-tomcat-9.0.0.M1-windows-x64\apache-tomcat-9.0.0.M1\webapps\manager
02-Mar-2016 10:31:26.983 INFO [localhost-startStop-1] org.apache.catalina.startup.HostConfig.deployDirectory Deployment of web application directory D:\JavaProj\EMC\Webproject\apache-tomcat-9.0.0.M1-windows-x64\apache-tomcat-9.0.0.M1\webapps\manager has finished in 40 ms
02-Mar-2016 10:31:26.991 INFO [main] org.apache.coyote.AbstractProtocol.start Starting ProtocolHandler [http-apr-8080]
02-Mar-2016 10:31:27.005 INFO [main] org.apache.coyote.AbstractProtocol.start Starting ProtocolHandler [ajp-apr-8009]
02-Mar-2016 10:31:27.011 INFO [main] org.apache.catalina.startup.Catalina.start Server startup in 1474 ms
