02-Mar-2016 09:49:03.973 INFO [localhost-startStop-1] org.apache.catalina.core.ApplicationContext.log ContextListener: contextInitialized()
02-Mar-2016 09:49:03.973 INFO [localhost-startStop-1] org.apache.catalina.core.ApplicationContext.log SessionListener: contextInitialized()
02-Mar-2016 09:51:44.288 INFO [ContainerBackgroundProcessor[StandardEngine[Catalina]]] org.apache.catalina.core.ApplicationContext.log Marking servlet action as unavailable
02-Mar-2016 09:51:44.290 SEVERE [ContainerBackgroundProcessor[StandardEngine[Catalina]]] org.apache.catalina.core.StandardContext.loadOnStartup Servlet [action] in web application [] threw load() exception
 java.lang.ClassNotFoundException: org.springframework.web.servlet.DispatcherServlet
	at org.apache.catalina.loader.WebappClassLoaderBase.loadClass(WebappClassLoaderBase.java:1335)
	at org.apache.catalina.loader.WebappClassLoaderBase.loadClass(WebappClassLoaderBase.java:1169)
	at org.apache.catalina.core.DefaultInstanceManager.loadClass(DefaultInstanceManager.java:520)
	at org.apache.catalina.core.DefaultInstanceManager.loadClassMaybePrivileged(DefaultInstanceManager.java:501)
	at org.apache.catalina.core.DefaultInstanceManager.newInstance(DefaultInstanceManager.java:120)
	at org.apache.catalina.core.StandardWrapper.loadServlet(StandardWrapper.java:1095)
	at org.apache.catalina.core.StandardWrapper.load(StandardWrapper.java:1031)
	at org.apache.catalina.core.StandardContext.loadOnStartup(StandardContext.java:4935)
	at org.apache.catalina.core.StandardContext.startInternal(StandardContext.java:5231)
	at org.apache.catalina.util.LifecycleBase.start(LifecycleBase.java:155)
	at org.apache.catalina.core.StandardContext.reload(StandardContext.java:3769)
	at org.apache.catalina.startup.HostConfig.reload(HostConfig.java:1366)
	at org.apache.catalina.startup.HostConfig.checkResources(HostConfig.java:1339)
	at org.apache.catalina.startup.HostConfig.check(HostConfig.java:1537)
	at org.apache.catalina.startup.HostConfig.lifecycleEvent(HostConfig.java:281)
	at org.apache.catalina.util.LifecycleBase.fireLifecycleEvent(LifecycleBase.java:94)
	at org.apache.catalina.core.ContainerBase.backgroundProcess(ContainerBase.java:1137)
	at org.apache.catalina.core.ContainerBase$ContainerBackgroundProcessor.processChildren(ContainerBase.java:1373)
	at org.apache.catalina.core.ContainerBase$ContainerBackgroundProcessor.processChildren(ContainerBase.java:1377)
	at org.apache.catalina.core.ContainerBase$ContainerBackgroundProcessor.run(ContainerBase.java:1345)
	at java.lang.Thread.run(Thread.java:745)

02-Mar-2016 10:03:56.456 INFO [localhost-startStop-1] org.apache.catalina.core.ApplicationContext.log Marking servlet action as unavailable
02-Mar-2016 10:03:56.456 SEVERE [localhost-startStop-1] org.apache.catalina.core.StandardContext.loadOnStartup Servlet [action] in web application [] threw load() exception
 java.lang.ClassNotFoundException: org.springframework.web.servlet.DispatcherServlet
	at org.apache.catalina.loader.WebappClassLoaderBase.loadClass(WebappClassLoaderBase.java:1335)
	at org.apache.catalina.loader.WebappClassLoaderBase.loadClass(WebappClassLoaderBase.java:1169)
	at org.apache.catalina.core.DefaultInstanceManager.loadClass(DefaultInstanceManager.java:520)
	at org.apache.catalina.core.DefaultInstanceManager.loadClassMaybePrivileged(DefaultInstanceManager.java:501)
	at org.apache.catalina.core.DefaultInstanceManager.newInstance(DefaultInstanceManager.java:120)
	at org.apache.catalina.core.StandardWrapper.loadServlet(StandardWrapper.java:1095)
	at org.apache.catalina.core.StandardWrapper.load(StandardWrapper.java:1031)
	at org.apache.catalina.core.StandardContext.loadOnStartup(StandardContext.java:4935)
	at org.apache.catalina.core.StandardContext.startInternal(StandardContext.java:5231)
	at org.apache.catalina.util.LifecycleBase.start(LifecycleBase.java:155)
	at org.apache.catalina.core.ContainerBase$StartChild.call(ContainerBase.java:1404)
	at org.apache.catalina.core.ContainerBase$StartChild.call(ContainerBase.java:1394)
	at java.util.concurrent.FutureTask.run(FutureTask.java:266)
	at java.util.concurrent.ThreadPoolExecutor.runWorker(ThreadPoolExecutor.java:1142)
	at java.util.concurrent.ThreadPoolExecutor$Worker.run(ThreadPoolExecutor.java:617)
	at java.lang.Thread.run(Thread.java:745)

02-Mar-2016 10:03:56.934 INFO [localhost-startStop-1] org.apache.catalina.core.ApplicationContext.log ContextListener: contextInitialized()
02-Mar-2016 10:03:56.934 INFO [localhost-startStop-1] org.apache.catalina.core.ApplicationContext.log SessionListener: contextInitialized()
02-Mar-2016 10:07:53.338 INFO [localhost-startStop-1] org.apache.catalina.core.ApplicationContext.log Marking servlet action as unavailable
02-Mar-2016 10:07:53.338 SEVERE [localhost-startStop-1] org.apache.catalina.core.StandardContext.loadOnStartup Servlet [action] in web application [] threw load() exception
 java.lang.ClassNotFoundException: org.springframework.web.servlet.DispatcherServlet
	at org.apache.catalina.loader.WebappClassLoaderBase.loadClass(WebappClassLoaderBase.java:1335)
	at org.apache.catalina.loader.WebappClassLoaderBase.loadClass(WebappClassLoaderBase.java:1169)
	at org.apache.catalina.core.DefaultInstanceManager.loadClass(DefaultInstanceManager.java:520)
	at org.apache.catalina.core.DefaultInstanceManager.loadClassMaybePrivileged(DefaultInstanceManager.java:501)
	at org.apache.catalina.core.DefaultInstanceManager.newInstance(DefaultInstanceManager.java:120)
	at org.apache.catalina.core.StandardWrapper.loadServlet(StandardWrapper.java:1095)
	at org.apache.catalina.core.StandardWrapper.load(StandardWrapper.java:1031)
	at org.apache.catalina.core.StandardContext.loadOnStartup(StandardContext.java:4935)
	at org.apache.catalina.core.StandardContext.startInternal(StandardContext.java:5231)
	at org.apache.catalina.util.LifecycleBase.start(LifecycleBase.java:155)
	at org.apache.catalina.core.ContainerBase$StartChild.call(ContainerBase.java:1404)
	at org.apache.catalina.core.ContainerBase$StartChild.call(ContainerBase.java:1394)
	at java.util.concurrent.FutureTask.run(FutureTask.java:266)
	at java.util.concurrent.ThreadPoolExecutor.runWorker(ThreadPoolExecutor.java:1142)
	at java.util.concurrent.ThreadPoolExecutor$Worker.run(ThreadPoolExecutor.java:617)
	at java.lang.Thread.run(Thread.java:745)

02-Mar-2016 10:07:53.842 INFO [localhost-startStop-1] org.apache.catalina.core.ApplicationContext.log ContextListener: contextInitialized()
02-Mar-2016 10:07:53.842 INFO [localhost-startStop-1] org.apache.catalina.core.ApplicationContext.log SessionListener: contextInitialized()
02-Mar-2016 10:11:22.697 INFO [localhost-startStop-1] org.apache.catalina.core.ApplicationContext.log Marking servlet action as unavailable
02-Mar-2016 10:11:22.697 SEVERE [localhost-startStop-1] org.apache.catalina.core.StandardContext.loadOnStartup Servlet [action] in web application [] threw load() exception
 java.lang.ClassNotFoundException: org.springframework.web.servlet.DispatcherServlet
	at org.apache.catalina.loader.WebappClassLoaderBase.loadClass(WebappClassLoaderBase.java:1335)
	at org.apache.catalina.loader.WebappClassLoaderBase.loadClass(WebappClassLoaderBase.java:1169)
	at org.apache.catalina.core.DefaultInstanceManager.loadClass(DefaultInstanceManager.java:520)
	at org.apache.catalina.core.DefaultInstanceManager.loadClassMaybePrivileged(DefaultInstanceManager.java:501)
	at org.apache.catalina.core.DefaultInstanceManager.newInstance(DefaultInstanceManager.java:120)
	at org.apache.catalina.core.StandardWrapper.loadServlet(StandardWrapper.java:1095)
	at org.apache.catalina.core.StandardWrapper.load(StandardWrapper.java:1031)
	at org.apache.catalina.core.StandardContext.loadOnStartup(StandardContext.java:4935)
	at org.apache.catalina.core.StandardContext.startInternal(StandardContext.java:5231)
	at org.apache.catalina.util.LifecycleBase.start(LifecycleBase.java:155)
	at org.apache.catalina.core.ContainerBase$StartChild.call(ContainerBase.java:1404)
	at org.apache.catalina.core.ContainerBase$StartChild.call(ContainerBase.java:1394)
	at java.util.concurrent.FutureTask.run(FutureTask.java:266)
	at java.util.concurrent.ThreadPoolExecutor.runWorker(ThreadPoolExecutor.java:1142)
	at java.util.concurrent.ThreadPoolExecutor$Worker.run(ThreadPoolExecutor.java:617)
	at java.lang.Thread.run(Thread.java:745)

02-Mar-2016 10:11:23.185 INFO [localhost-startStop-1] org.apache.catalina.core.ApplicationContext.log ContextListener: contextInitialized()
02-Mar-2016 10:11:23.185 INFO [localhost-startStop-1] org.apache.catalina.core.ApplicationContext.log SessionListener: contextInitialized()
02-Mar-2016 10:21:42.147 INFO [localhost-startStop-1] org.apache.catalina.core.ApplicationContext.log Marking servlet action as unavailable
02-Mar-2016 10:21:42.147 SEVERE [localhost-startStop-1] org.apache.catalina.core.StandardContext.loadOnStartup Servlet [action] in web application [] threw load() exception
 java.lang.ClassNotFoundException: org.springframework.web.servlet.DispatcherServlet
	at org.apache.catalina.loader.WebappClassLoaderBase.loadClass(WebappClassLoaderBase.java:1335)
	at org.apache.catalina.loader.WebappClassLoaderBase.loadClass(WebappClassLoaderBase.java:1169)
	at org.apache.catalina.core.DefaultInstanceManager.loadClass(DefaultInstanceManager.java:520)
	at org.apache.catalina.core.DefaultInstanceManager.loadClassMaybePrivileged(DefaultInstanceManager.java:501)
	at org.apache.catalina.core.DefaultInstanceManager.newInstance(DefaultInstanceManager.java:120)
	at org.apache.catalina.core.StandardWrapper.loadServlet(StandardWrapper.java:1095)
	at org.apache.catalina.core.StandardWrapper.load(StandardWrapper.java:1031)
	at org.apache.catalina.core.StandardContext.loadOnStartup(StandardContext.java:4935)
	at org.apache.catalina.core.StandardContext.startInternal(StandardContext.java:5231)
	at org.apache.catalina.util.LifecycleBase.start(LifecycleBase.java:155)
	at org.apache.catalina.core.ContainerBase$StartChild.call(ContainerBase.java:1404)
	at org.apache.catalina.core.ContainerBase$StartChild.call(ContainerBase.java:1394)
	at java.util.concurrent.FutureTask.run(FutureTask.java:266)
	at java.util.concurrent.ThreadPoolExecutor.runWorker(ThreadPoolExecutor.java:1142)
	at java.util.concurrent.ThreadPoolExecutor$Worker.run(ThreadPoolExecutor.java:617)
	at java.lang.Thread.run(Thread.java:745)

02-Mar-2016 10:21:42.615 INFO [localhost-startStop-1] org.apache.catalina.core.ApplicationContext.log ContextListener: contextInitialized()
02-Mar-2016 10:21:42.616 INFO [localhost-startStop-1] org.apache.catalina.core.ApplicationContext.log SessionListener: contextInitialized()
02-Mar-2016 10:31:25.947 INFO [localhost-startStop-1] org.apache.catalina.core.ApplicationContext.log Marking servlet action as unavailable
02-Mar-2016 10:31:25.947 SEVERE [localhost-startStop-1] org.apache.catalina.core.StandardContext.loadOnStartup Servlet [action] in web application [] threw load() exception
 java.lang.ClassNotFoundException: org.springframework.web.servlet.DispatcherServlet
	at org.apache.catalina.loader.WebappClassLoaderBase.loadClass(WebappClassLoaderBase.java:1335)
	at org.apache.catalina.loader.WebappClassLoaderBase.loadClass(WebappClassLoaderBase.java:1169)
	at org.apache.catalina.core.DefaultInstanceManager.loadClass(DefaultInstanceManager.java:520)
	at org.apache.catalina.core.DefaultInstanceManager.loadClassMaybePrivileged(DefaultInstanceManager.java:501)
	at org.apache.catalina.core.DefaultInstanceManager.newInstance(DefaultInstanceManager.java:120)
	at org.apache.catalina.core.StandardWrapper.loadServlet(StandardWrapper.java:1095)
	at org.apache.catalina.core.StandardWrapper.load(StandardWrapper.java:1031)
	at org.apache.catalina.core.StandardContext.loadOnStartup(StandardContext.java:4935)
	at org.apache.catalina.core.StandardContext.startInternal(StandardContext.java:5231)
	at org.apache.catalina.util.LifecycleBase.start(LifecycleBase.java:155)
	at org.apache.catalina.core.ContainerBase$StartChild.call(ContainerBase.java:1404)
	at org.apache.catalina.core.ContainerBase$StartChild.call(ContainerBase.java:1394)
	at java.util.concurrent.FutureTask.run(FutureTask.java:266)
	at java.util.concurrent.ThreadPoolExecutor.runWorker(ThreadPoolExecutor.java:1142)
	at java.util.concurrent.ThreadPoolExecutor$Worker.run(ThreadPoolExecutor.java:617)
	at java.lang.Thread.run(Thread.java:745)

02-Mar-2016 10:31:26.881 INFO [localhost-startStop-1] org.apache.catalina.core.ApplicationContext.log ContextListener: contextInitialized()
02-Mar-2016 10:31:26.883 INFO [localhost-startStop-1] org.apache.catalina.core.ApplicationContext.log SessionListener: contextInitialized()
